[0.011s] Invoking command in '/home/hp/opencv_workspace/vsg_demo/test/cybervision_ws/src/cybervision_edge/build/cybervision_edge': /usr/bin/cmake /home/hp/opencv_workspace/vsg_demo/test/cybervision_ws/src/cybervision_edge -DCMAKE_BUILD_TYPE=Release -DCMAKE_INSTALL_PREFIX=/home/hp/opencv_workspace/vsg_demo/test/cybervision_ws/src/cybervision_edge/install/cybervision_edge
[0.118s] -- The CXX compiler identification is GNU 12.3.0
[0.125s] -- Detecting CXX compiler ABI info
[0.212s] -- Detecting CXX compiler ABI info - done
[0.220s] -- Check for working CXX compiler: /usr/bin/c++ - skipped
[0.221s] -- Detecting CXX compile features
[0.221s] -- Detecting CXX compile features - done
[0.227s] -- Found ament_cmake: 1.3.12 (/opt/ros/humble/share/ament_cmake/cmake)
[0.366s] -- Found Python3: /usr/bin/python3 (found version "3.10.12") found components: Interpreter 
[0.450s] -- Found rclcpp: 16.0.17 (/opt/ros/humble/share/rclcpp/cmake)
[0.498s] -- Found rosidl_generator_c: 3.1.8 (/opt/ros/humble/share/rosidl_generator_c/cmake)
[0.503s] -- Found rosidl_adapter: 3.1.8 (/opt/ros/humble/share/rosidl_adapter/cmake)
[0.511s] -- Found rosidl_generator_cpp: 3.1.8 (/opt/ros/humble/share/rosidl_generator_cpp/cmake)
[0.524s] -- Using all available rosidl_typesupport_c: rosidl_typesupport_fastrtps_c;rosidl_typesupport_introspection_c
[0.540s] -- Using all available rosidl_typesupport_cpp: rosidl_typesupport_fastrtps_cpp;rosidl_typesupport_introspection_cpp
[0.583s] -- Found rmw_implementation_cmake: 6.1.2 (/opt/ros/humble/share/rmw_implementation_cmake/cmake)
[0.586s] -- Found rmw_fastrtps_cpp: 6.2.9 (/opt/ros/humble/share/rmw_fastrtps_cpp/cmake)
[0.678s] -- Found OpenSSL: /usr/lib/x86_64-linux-gnu/libcrypto.so (found version "3.0.2")  
[0.706s] -- Found FastRTPS: /opt/ros/humble/include  
[0.743s] -- Using RMW implementation 'rmw_fastrtps_cpp' as default
[0.752s] -- Looking for C++ include pthread.h
[0.875s] -- Looking for C++ include pthread.h - found
[0.875s] -- Performing Test CMAKE_HAVE_LIBC_PTHREAD
[0.971s] -- Performing Test CMAKE_HAVE_LIBC_PTHREAD - Success
[0.972s] -- Found Threads: TRUE  
[1.024s] -- Found geometry_msgs: 4.9.0 (/opt/ros/humble/share/geometry_msgs/cmake)
[1.043s] CMake Error at CMakeLists.txt:13 (find_package):
[1.043s]   By not providing "Findcybervision_interfaces.cmake" in CMAKE_MODULE_PATH
[1.043s]   this project has asked CMake to find a package configuration file provided
[1.043s]   by "cybervision_interfaces", but CMake did not find one.
[1.043s] 
[1.043s]   Could not find a package configuration file provided by
[1.043s]   "cybervision_interfaces" with any of the following names:
[1.043s] 
[1.044s]     cybervision_interfacesConfig.cmake
[1.044s]     cybervision_interfaces-config.cmake
[1.044s] 
[1.044s]   Add the installation prefix of "cybervision_interfaces" to
[1.044s]   CMAKE_PREFIX_PATH or set "cybervision_interfaces_DIR" to a directory
[1.044s]   containing one of the above files.  If "cybervision_interfaces" provides a
[1.044s]   separate development package or SDK, be sure it has been installed.
[1.044s] 
[1.044s] 
[1.044s] -- Configuring incomplete, errors occurred!
[1.044s] See also "/home/hp/opencv_workspace/vsg_demo/test/cybervision_ws/src/cybervision_edge/build/cybervision_edge/CMakeFiles/CMakeOutput.log".
[1.050s] Invoked command in '/home/hp/opencv_workspace/vsg_demo/test/cybervision_ws/src/cybervision_edge/build/cybervision_edge' returned '1': /usr/bin/cmake /home/hp/opencv_workspace/vsg_demo/test/cybervision_ws/src/cybervision_edge -DCMAKE_BUILD_TYPE=Release -DCMAKE_INSTALL_PREFIX=/home/hp/opencv_workspace/vsg_demo/test/cybervision_ws/src/cybervision_edge/install/cybervision_edge
